<?xml version="1.0" encoding="utf-8"?><testsuite errors="0" failures="0" name="sphinx-gallery" skipped="0" tests="1" time="1176.4606983661652"><testcase classname="tutorial_equivariant_learning" file="demonstrations\tutorial_equivariant_learning.py" line="1" name="Introduction to Equivariant Learning" time="1176.4606983661652"></testcase></testsuite>
<?xml version="1.0" encoding="utf-8"?><testsuite errors="0" failures="0" name="sphinx-gallery" skipped="0" tests="1" time="647.217170715332"><testcase classname="tutorial_quantum_circuit_cutting" file="demonstrations/tutorial_quantum_circuit_cutting.py" line="1" name="*Authors: Gideon Uchehara, Matija Medvidović, Anuj Apte*" time="647.217170715332"></testcase></testsuite>

